|--------+--------+---------+---------+---------+-------+--------+----------+-------------+-------------|
| dmp    | class  | threads | quantum | serial  | depth |    avg | overhead | scalability | sensitivity |
|--------+--------+---------+---------+---------+-------+--------+----------+-------------+-------------|
| nondmp | radix  |       8 |       x | x       |     x |   1.27 |          |             |             |
| nondmp | radix  |       4 |       x | x       |     x |   1.48 |          |             |             |
| nondmp | radix  |      16 |       x | x       |     x |   1.55 |          |             |             |
| nondmp | radix  |       2 |       x | x       |     x |   2.01 |          |             |             |
| dmp    | radix  |       8 |    1000 | full    |     1 |   2.64 |          |             |             |
| dmp    | radix  |       8 |    1000 | reduced |     1 |   2.65 |          |             |             |
| dmp    | radix  |       4 |    1000 | full    |     1 |   2.80 |          |             |             |
| dmp    | radix  |       4 |    1000 | reduced |     1 |   2.81 |          |             |             |
| dmp    | radix  |       2 |  100000 | reduced |     1 |   3.00 |          |             |             |
| dmp    | radix  |       2 |  100000 | full    |     1 |   3.01 |          |             |             |
| dmp    | radix  |       4 |  100000 | reduced |     1 |   3.02 |          |             |             |
| dmp    | radix  |       4 |   10000 | full    |     1 |   3.03 |          |             |             |
| dmp    | radix  |       4 |   10000 | reduced |     1 |   3.03 |          |             |             |
| dmp    | radix  |       4 |  100000 | full    |     1 |   3.03 |          |             |             |
| dmp    | radix  |       2 |   10000 | reduced |     1 |   3.04 |          |             |             |
| dmp    | radix  |       2 |   10000 | full    |     1 |   3.05 |          |             |             |
| dmp    | radix  |       8 |   10000 | full    |     1 |   3.05 |          |             |             |
| dmp    | radix  |       8 |   10000 | reduced |     1 |   3.05 |          |             |             |
| dmp    | radix  |       8 |  100000 | full    |     1 |   3.06 |          |             |             |
| dmp    | radix  |       8 |  100000 | reduced |     1 |   3.06 |          |             |             |
| dmp    | radix  |       2 |    1000 | full    |     1 |   3.10 |          |             |             |
| dmp    | radix  |       2 |    1000 | reduced |     1 |   3.10 |          |             |             |
| dmp    | radix  |      16 |  100000 | full    |     1 |   3.11 |          |             |             |
| dmp    | radix  |      16 |  100000 | reduced |     1 |   3.11 |          |             |             |
| dmp    | radix  |      16 |    1000 | full    |     1 |   3.13 |          |             |             |
| dmp    | radix  |      16 |   10000 | full    |     1 |   3.14 |          |             |             |
| dmp    | radix  |      16 |    1000 | reduced |     1 |   3.15 |          |             |             |
| dmp    | radix  |      16 |   10000 | reduced |     1 |   3.16 |          |             |             |
| dmp    | radix  |       2 |  100000 | reduced |     5 |   3.52 |          |             |             |
| dmp    | radix  |       2 |  100000 | full    |     5 |   3.53 |          |             |             |
| dmp    | radix  |       4 |  100000 | full    |     5 |   3.97 |          |             |             |
| dmp    | radix  |       4 |  100000 | reduced |     5 |   3.97 |          |             |             |
| dmp    | radix  |       8 |  100000 | full    |     5 |   4.42 |          |             |             |
| dmp    | radix  |       8 |  100000 | reduced |     5 |   4.42 |          |             |             |
| dmp    | radix  |      16 |  100000 | full    |     5 |   4.48 |          |             |             |
| dmp    | radix  |      16 |  100000 | reduced |     5 |   4.48 |          |             |             |
| dmp    | radix  |       2 |  100000 | full    |    10 |   4.77 |          |             |             |
| dmp    | radix  |       2 |  100000 | reduced |    10 |   4.78 |          |             |             |
| dmp    | radix  |       4 |  100000 | reduced |    10 |   6.41 |          |             |             |
| dmp    | radix  |       4 |  100000 | full    |    10 |   6.42 |          |             |             |
| dmp    | radix  |       2 |   10000 | full    |     5 |   6.44 |          |             |             |
| dmp    | radix  |       2 |   10000 | reduced |     5 |   6.44 |          |             |             |
| dmp    | radix  |       4 |   10000 | full    |     5 |   8.34 |          |             |             |
| dmp    | radix  |       4 |   10000 | reduced |     5 |   8.36 |          |             |             |
| dmp    | radix  |       8 |   10000 | full    |     5 |   9.42 |          |             |             |
| dmp    | radix  |       8 |   10000 | reduced |     5 |   9.42 |          |             |             |
| dmp    | radix  |       8 |  100000 | full    |    10 |   9.72 |          |             |             |
| dmp    | radix  |       8 |  100000 | reduced |    10 |   9.72 |          |             |             |
| dmp    | radix  |      16 |   10000 | full    |     5 |  10.23 |          |             |             |
| dmp    | radix  |      16 |   10000 | reduced |     5 |  10.24 |          |             |             |
| dmp    | radix  |       2 |   10000 | full    |    10 |  11.44 |          |             |             |
| dmp    | radix  |       2 |   10000 | reduced |    10 |  11.44 |          |             |             |
| dmp    | radix  |      16 |  100000 | full    |    10 |  13.38 |          |             |             |
| dmp    | radix  |      16 |  100000 | reduced |    10 |  13.39 |          |             |             |
| dmp    | radix  |       4 |   10000 | full    |    10 |  16.38 |          |             |             |
| dmp    | radix  |       4 |   10000 | reduced |    10 |  16.40 |          |             |             |
| dmp    | radix  |       8 |   10000 | full    |    10 |  20.52 |          |             |             |
| dmp    | radix  |       8 |   10000 | reduced |    10 |  20.52 |          |             |             |
| dmp    | radix  |       2 |    1000 | reduced |     5 |  20.82 |          |             |             |
| dmp    | radix  |       2 |    1000 | full    |     5 |  20.83 |          |             |             |
| dmp    | radix  |       4 |    1000 | full    |     5 |  24.38 |          |             |             |
| dmp    | radix  |       4 |    1000 | reduced |     5 |  24.39 |          |             |             |
| dmp    | radix  |      16 |   10000 | reduced |    10 |  24.99 |          |             |             |
| dmp    | radix  |      16 |   10000 | full    |    10 |  25.00 |          |             |             |
| dmp    | radix  |       8 |    1000 | reduced |     5 |  26.09 |          |             |             |
| dmp    | radix  |       8 |    1000 | full    |     5 |  26.10 |          |             |             |
| dmp    | radix  |      16 |    1000 | full    |     5 |  28.30 |          |             |             |
| dmp    | radix  |      16 |    1000 | reduced |     5 |  28.31 |          |             |             |
| dmp    | radix  |       2 |    1000 | reduced |    10 |  44.14 |          |             |             |
| dmp    | radix  |       2 |    1000 | full    |    10 |  44.15 |          |             |             |
| dmp    | radix  |       4 |    1000 | full    |    10 |  53.08 |          |             |             |
| dmp    | radix  |       4 |    1000 | reduced |    10 |  53.15 |          |             |             |
| dmp    | radix  |       8 |    1000 | full    |    10 |  58.65 |          |             |             |
| dmp    | radix  |       8 |    1000 | reduced |    10 |  58.66 |          |             |             |
| dmp    | radix  |      16 |    1000 | full    |    10 |  65.80 |          |             |             |
| dmp    | radix  |      16 |    1000 | reduced |    10 |  65.82 |          |             |             |
|--------+--------+---------+---------+---------+-------+--------+----------+-------------+-------------|
| nondmp | jacobi |       x |       x | x       |     x |   2.91 |          |             |             |
| dmp    | jacobi |       x |   10000 | reduced |     1 |   3.70 |          |             |             |
| dmp    | jacobi |       x |  100000 | reduced |     1 |   3.70 |          |             |             |
| dmp    | jacobi |       x |  100000 | reduced |     5 |   6.97 |          |             |             |
| dmp    | jacobi |       x |   10000 | reduced |     5 |   6.98 |          |             |             |
| dmp    | jacobi |       x |   10000 | reduced |    10 |   6.98 |          |             |             |
| dmp    | jacobi |       x |  100000 | reduced |    10 |   6.98 |          |             |             |
| dmp    | jacobi |       x |    1000 | reduced |     1 |  11.90 |          |             |             |
| dmp    | jacobi |       x |  100000 | full    |     1 |  15.97 |          |             |             |
| dmp    | jacobi |       x |   10000 | full    |     1 |  16.03 |          |             |             |
| dmp    | jacobi |       x |    1000 | full    |     1 |  17.31 |          |             |             |
| dmp    | jacobi |       x |    1000 | reduced |     5 |  24.66 |          |             |             |
| dmp    | jacobi |       x |    1000 | reduced |    10 |  24.71 |          |             |             |
| dmp    | jacobi |       x |  100000 | full    |     5 |  35.01 |          |             |             |
| dmp    | jacobi |       x |   10000 | full    |     5 |  35.02 |          |             |             |
| dmp    | jacobi |       x |  100000 | full    |    10 |  35.02 |          |             |             |
| dmp    | jacobi |       x |   10000 | full    |    10 |  35.03 |          |             |             |
| dmp    | jacobi |       x |    1000 | full    |    10 |  35.51 |          |             |             |
| dmp    | jacobi |       x |    1000 | full    |     5 |  35.60 |          |             |             |
|--------+--------+---------+---------+---------+-------+--------+----------+-------------+-------------|
| dmp    | dpl    |       2 |   10000 | full    |     5 |    .47 |          |             |             |
| nondmp | dpl    |       2 |       x | x       |     x |    .49 |          |             |             |
| dmp    | dpl    |       2 |   10000 | full    |     1 |    .52 |          |             |             |
| dmp    | dpl    |       2 |   10000 | reduced |     5 |    .52 |          |             |             |
| nondmp | dpl    |       4 |       x | x       |     x |    .52 |          |             |             |
| dmp    | dpl    |       2 |   10000 | reduced |     1 |    .53 |          |             |             |
| dmp    | dpl    |       2 |  100000 | full    |     5 |    .54 |          |             |             |
| dmp    | dpl    |       2 |    1000 | reduced |     5 |    .59 |          |             |             |
| dmp    | dpl    |       2 |   10000 | full    |    10 |    .59 |          |             |             |
| dmp    | dpl    |       2 |   10000 | reduced |    10 |    .59 |          |             |             |
| dmp    | dpl    |       2 |    1000 | full    |     1 |    .60 |          |             |             |
| dmp    | dpl    |       2 |    1000 | reduced |     1 |    .60 |          |             |             |
| dmp    | dpl    |       2 |    1000 | full    |     5 |    .61 |          |             |             |
| dmp    | dpl    |       2 |  100000 | reduced |     1 |    .61 |          |             |             |
| dmp    | dpl    |       2 |    1000 | reduced |    10 |    .63 |          |             |             |
| dmp    | dpl    |       2 |  100000 | full    |     1 |    .65 |          |             |             |
| dmp    | dpl    |       2 |    1000 | full    |    10 |    .66 |          |             |             |
| dmp    | dpl    |       2 |  100000 | reduced |     5 |    .67 |          |             |             |
| nondmp | dpl    |       8 |       x | x       |     x |    .67 |          |             |             |
| dmp    | dpl    |       2 |  100000 | full    |    10 |    .71 |          |             |             |
| dmp    | dpl    |       4 |   10000 | full    |     5 |    .83 |          |             |             |
| dmp    | dpl    |       4 |   10000 | full    |     1 |    .84 |          |             |             |
| dmp    | dpl    |       2 |  100000 | reduced |    10 |    .86 |          |             |             |
| dmp    | dpl    |       4 |    1000 | full    |     1 |    .87 |          |             |             |
| dmp    | dpl    |       4 |    1000 | reduced |     1 |    .87 |          |             |             |
| dmp    | dpl    |       4 |    1000 | reduced |     5 |    .90 |          |             |             |
| dmp    | dpl    |       4 |   10000 | reduced |     1 |    .90 |          |             |             |
| dmp    | dpl    |       4 |    1000 | full    |     5 |    .91 |          |             |             |
| dmp    | dpl    |       4 |   10000 | reduced |     5 |    .91 |          |             |             |
| dmp    | dpl    |       4 |   10000 | full    |    10 |   1.06 |          |             |             |
| dmp    | dpl    |       4 |  100000 | reduced |     1 |   1.12 |          |             |             |
| dmp    | dpl    |       4 |   10000 | reduced |    10 |   1.19 |          |             |             |
| dmp    | dpl    |       8 |   10000 | reduced |     1 |   1.20 |          |             |             |
| dmp    | dpl    |       8 |    1000 | reduced |     1 |   1.21 |          |             |             |
| dmp    | dpl    |       8 |   10000 | full    |     1 |   1.21 |          |             |             |
| dmp    | dpl    |       8 |    1000 | full    |     1 |   1.22 |          |             |             |
| dmp    | dpl    |       4 |  100000 | full    |     1 |   1.23 |          |             |             |
| dmp    | dpl    |       4 |  100000 | reduced |     5 |   1.25 |          |             |             |
| dmp    | dpl    |       8 |   10000 | full    |     5 |   1.32 |          |             |             |
| dmp    | dpl    |       4 |  100000 | full    |     5 |   1.33 |          |             |             |
| dmp    | dpl    |       8 |   10000 | reduced |     5 |   1.34 |          |             |             |
| dmp    | dpl    |       4 |    1000 | reduced |    10 |   1.42 |          |             |             |
| dmp    | dpl    |       4 |    1000 | full    |    10 |   1.43 |          |             |             |
| dmp    | dpl    |       8 |    1000 | reduced |     5 |   1.45 |          |             |             |
| nondmp | dpl    |      16 |       x | x       |     x |   1.48 |          |             |             |
| dmp    | dpl    |       8 |    1000 | full    |     5 |   1.50 |          |             |             |
| dmp    | dpl    |       4 |  100000 | reduced |    10 |   1.71 |          |             |             |
| dmp    | dpl    |       4 |  100000 | full    |    10 |   1.96 |          |             |             |
| dmp    | dpl    |       8 |  100000 | reduced |     5 |   2.15 |          |             |             |
| dmp    | dpl    |       8 |  100000 | reduced |     1 |   2.22 |          |             |             |
| dmp    | dpl    |      16 |   10000 | reduced |     1 |   2.43 |          |             |             |
| dmp    | dpl    |       8 |  100000 | full    |     1 |   2.49 |          |             |             |
| dmp    | dpl    |      16 |   10000 | reduced |     5 |   2.50 |          |             |             |
| dmp    | dpl    |       8 |  100000 | full    |     5 |   2.70 |          |             |             |
| dmp    | dpl    |      16 |   10000 | full    |     1 |   2.78 |          |             |             |
| dmp    | dpl    |      16 |  100000 | reduced |     5 |   2.88 |          |             |             |
| dmp    | dpl    |      16 |    1000 | full    |     1 |   2.97 |          |             |             |
| dmp    | dpl    |      16 |    1000 | reduced |     1 |   2.97 |          |             |             |
| dmp    | dpl    |      16 |   10000 | full    |     5 |   3.17 |          |             |             |
| dmp    | dpl    |      16 |  100000 | reduced |     1 |   3.19 |          |             |             |
| dmp    | dpl    |       8 |   10000 | reduced |    10 |   3.20 |          |             |             |
| dmp    | dpl    |       8 |  100000 | reduced |    10 |   3.40 |          |             |             |
| dmp    | dpl    |       8 |   10000 | full    |    10 |   3.52 |          |             |             |
| dmp    | dpl    |      16 |    1000 | reduced |     5 |   4.00 |          |             |             |
| dmp    | dpl    |      16 |    1000 | full    |     5 |   4.35 |          |             |             |
| dmp    | dpl    |       8 |  100000 | full    |    10 |   4.68 |          |             |             |
| dmp    | dpl    |      16 |  100000 | full    |     5 |   5.90 |          |             |             |
| dmp    | dpl    |      16 |  100000 | full    |     1 |   5.95 |          |             |             |
| dmp    | dpl    |      16 |  100000 | reduced |    10 |   8.88 |          |             |             |
| dmp    | dpl    |       8 |    1000 | reduced |    10 |   9.20 |          |             |             |
| dmp    | dpl    |       8 |    1000 | full    |    10 |   9.25 |          |             |             |
| dmp    | dpl    |      16 |  100000 | full    |    10 |  18.36 |          |             |             |
| dmp    | dpl    |      16 |   10000 | reduced |    10 |  18.59 |          |             |             |
| dmp    | dpl    |      16 |   10000 | full    |    10 |  25.11 |          |             |             |
| dmp    | dpl    |      16 |    1000 | reduced |    10 | 106.80 |          |             |             |
| dmp    | dpl    |      16 |    1000 | full    |    10 | 113.57 |          |             |             |
|--------+--------+---------+---------+---------+-------+--------+----------+-------------+-------------|
